<?xml version="1.0" encoding="UTF-8"?>
<robot generator="Robot 6.1 (Python 3.11.4 on win32)" generated="20230801 09:25:55.444" rpa="false" schemaversion="4">
<suite id="s1" name="Preenchimento Incorreto" source="c:\Users\andri\Downloads\TESTE-ROBOT\testes\preenchimento_incorreto.robot">
<test id="s1-t1" name="Verificar preenchimento de formulário incorreto" line="10">
<kw name="Dado que eu acesse o Organo" library="setup_teardown" type="SETUP">
<kw name="Open Browser" library="SeleniumLibrary">
<arg>url=http://localhost:3000/</arg>
<arg>browser=Chrome</arg>
<doc>Opens a new browser instance to the optional ``url``.</doc>
<msg timestamp="20230801 09:25:56.223" level="INFO">Opening browser 'Chrome' to base url 'http://localhost:3000/'.</msg>
<msg timestamp="20230801 09:25:56.233" level="INFO">Applicable driver not found; attempting to install with Selenium Manager (Beta)</msg>
<status status="PASS" starttime="20230801 09:25:56.222" endtime="20230801 09:25:58.155"/>
</kw>
<status status="PASS" starttime="20230801 09:25:56.221" endtime="20230801 09:25:58.155"/>
</kw>
<kw name="Dado que eu clique no botão &quot;Criar Card&quot;" library="cadastro">
<kw name="Click Element" library="SeleniumLibrary">
<arg>${BOTAO_CARD}</arg>
<doc>Click the element identified by ``locator``.</doc>
<msg timestamp="20230801 09:25:58.158" level="INFO">Clicking element 'id:form-botao'.</msg>
<status status="PASS" starttime="20230801 09:25:58.157" endtime="20230801 09:25:58.244"/>
</kw>
<status status="PASS" starttime="20230801 09:25:58.156" endtime="20230801 09:25:58.244"/>
</kw>
<kw name="Então sistema deve apresentar mensagem de campo obrigatório" library="cadastro">
<kw name="Element Should Be Visible" library="SeleniumLibrary">
<arg>id:form-nome-erro</arg>
<doc>Verifies that the element identified by ``locator`` is visible.</doc>
<msg timestamp="20230801 09:25:58.276" level="INFO">Element 'id:form-nome-erro' is displayed.</msg>
<status status="PASS" starttime="20230801 09:25:58.245" endtime="20230801 09:25:58.276"/>
</kw>
<kw name="Element Should Be Visible" library="SeleniumLibrary">
<arg>id:form-cargo-erro</arg>
<doc>Verifies that the element identified by ``locator`` is visible.</doc>
<msg timestamp="20230801 09:25:58.301" level="INFO">Element 'id:form-cargo-erro' is displayed.</msg>
<status status="PASS" starttime="20230801 09:25:58.277" endtime="20230801 09:25:58.301"/>
</kw>
<kw name="Element Should Be Visible" library="SeleniumLibrary">
<arg>id:form-times-erro</arg>
<doc>Verifies that the element identified by ``locator`` is visible.</doc>
<msg timestamp="20230801 09:25:58.323" level="INFO">Element 'id:form-times-erro' is displayed.</msg>
<status status="PASS" starttime="20230801 09:25:58.301" endtime="20230801 09:25:58.323"/>
</kw>
<status status="PASS" starttime="20230801 09:25:58.245" endtime="20230801 09:25:58.323"/>
</kw>
<kw name="Fechar o navegador" library="setup_teardown" type="TEARDOWN">
<kw name="Close Browser" library="SeleniumLibrary">
<doc>Closes the current browser.</doc>
<status status="PASS" starttime="20230801 09:25:58.324" endtime="20230801 09:26:00.499"/>
</kw>
<status status="PASS" starttime="20230801 09:25:58.324" endtime="20230801 09:26:00.500"/>
</kw>
<status status="PASS" starttime="20230801 09:25:56.220" endtime="20230801 09:26:00.500"/>
</test>
<status status="PASS" starttime="20230801 09:25:55.450" endtime="20230801 09:26:00.502"/>
</suite>
<statistics>
<total>
<stat pass="1" fail="0" skip="0">All Tests</stat>
</total>
<tag>
</tag>
<suite>
<stat pass="1" fail="0" skip="0" id="s1" name="Preenchimento Incorreto">Preenchimento Incorreto</stat>
</suite>
</statistics>
<errors>
</errors>
</robot>
